{"level":"info","message":"App running on 5000"}
{"level":"info","message":"App running on 5000"}
{"level":"info","message":"App running on 5000"}
{"level":"info","message":"App running on 5000"}
{"level":"info","message":"App running on 5000"}
{"level":"info","message":"App running on 5000"}
{"level":"info","message":"App running on 5000"}
{"level":"info","message":"App running on 5000"}
{"level":"info","message":"App running on 5000"}
{"level":"info","message":"App running on 5000"}
{"level":"info","message":"App running on 5000"}
{"level":"info","message":"App running on 5000"}
{"level":"info","message":"App running on 5000"}
{"level":"info","message":"App running on 5000"}
{"level":"info","message":"App running on 5000"}
{"level":"info","message":"App running on 5000"}
{"level":"info","message":"App running on 5000"}
{"level":"info","message":"App running on 5000"}
{"level":"info","message":"App running on 5000"}
{"level":"info","message":"App running on 5000"}
{"level":"info","message":"App running on 5000"}
{"level":"info","message":"App running on 5000"}
{"level":"info","message":"App running on 5000"}
{"level":"info","message":"App running on 5000"}
{"level":"info","message":"App running on 5000"}
{"level":"info","message":"App running on 5000"}
{"level":"info","message":"App running on 5000"}
{"level":"info","message":"App running on 5000"}
{"level":"info","message":"App running on 5000"}
{"level":"info","message":"App running on 5000"}
{"level":"info","message":"App running on 5000"}
{"level":"info","message":"App running on 5000"}
{"level":"info","message":"App running on 5000"}
{"level":"info","message":"App running on 5000"}
{"level":"info","message":"App running on 5000"}
{"level":"info","message":"App running on 5000"}
{"level":"info","message":"App running on 5000"}
{"level":"info","message":"App running on 5000"}
{"level":"info","message":"App running on 5000"}
{"level":"info","message":"App running on 5000"}
{"level":"info","message":"App running on 5000"}
{"level":"info","message":"App running on 5000"}
{"level":"info","message":"App running on 5000"}
{"level":"info","message":"App running on 5000"}
{"level":"info","message":"App running on 5000"}
{"level":"info","message":"App running on 5000"}
{"level":"info","message":"App running on 5000"}
{"level":"info","message":"App running on 5000"}
{"level":"info","message":"App running on 5000"}
{"level":"info","message":"App running on 5000"}
{"level":"info","message":"App running on 5000"}
{"level":"info","message":"App running on 5000"}
{"level":"info","message":"App running on 5000"}
{"level":"info","message":"App running on 5000"}
{"level":"info","message":"App running on 5000"}
{"level":"info","message":"App running on 5000"}
{"level":"info","message":"App running on 5000"}
{"level":"info","message":"App running on 5000"}
{"level":"info","message":"App running on 5000"}
{"level":"info","message":"App running on 5000"}
{"level":"info","message":"App running on 5000"}
{"level":"info","message":"App running on 5000"}
{"level":"info","message":"App running on 5000"}
{"level":"info","message":"App running on 5000"}
{"level":"info","message":"App running on 5000"}
{"level":"info","message":"App running on 5000"}
{"level":"info","message":"App running on 5000"}
{"level":"info","message":"App running on 5000"}
{"level":"info","message":"App running on 5000"}
{"level":"info","message":"App running on 5000"}
{"level":"info","message":"App running on 5000"}
{"level":"info","message":"App running on 5000"}
{"level":"info","message":"App running on 5000"}
{"level":"info","message":"App running on 5000"}
{"level":"info","message":"App running on 5000"}
{"level":"info","message":"App running on 5000"}
{"level":"info","message":"App running on 5000"}
{"level":"info","message":"App running on 5000"}
{"level":"info","message":"App running on 5000"}
{"level":"info","message":"App running on 5000"}
{"level":"info","message":"App running on 5000"}
{"level":"info","message":"App running on 5000"}
{"level":"info","message":"App running on 5000"}
{"level":"info","message":"App running on 5000"}
{"level":"info","message":"App running on 5000"}
{"level":"info","message":"App running on 5000"}
{"level":"info","message":"App running on 5000"}
{"level":"info","message":"App running on 5000"}
{"level":"info","message":"eyJhbGciOiJIUzI1NiIsInR5cCI6IkpXVCJ9.eyJuYW1lIjoibW9kZWwiLCJpYXQiOjE2ODE1NjY3OTgsImV4cCI6MTY4MTY1MzE5OH0.Log-xIk6Pqq_dCXdqSpAh1zwikzeSnYsqGf1TFRw_jk"}
{"level":"info","message":"App running on 5000"}
{"level":"info","message":"App running on 5000"}
{"level":"info","message":"App running on 5000"}
{"level":"info","message":"App running on 5000"}
{"level":"info","message":"App running on 5000"}
{"level":"info","message":"App running on 5000"}
{"level":"info","message":"App running on 5000"}
{"level":"info","message":"App running on 5000"}
{"level":"info","message":"eyJhbGciOiJIUzI1NiIsInR5cCI6IkpXVCJ9.eyJuYW1lIjoibW9kZWwiLCJpYXQiOjE2ODE1NjY5MTUsImV4cCI6MTY4MTY1MzMxNX0.QJaple0wxZUYiALoDynEVX8J_9GMYayUKtEOzLrkw8k"}
{"level":"info","message":"App running on 5000"}
{"level":"info","message":"App running on 5000"}
{"level":"info","message":"eyJhbGciOiJIUzI1NiIsInR5cCI6IkpXVCJ9.eyJuYW1lIjoibW9kZWwiLCJpYXQiOjE2ODE1NjY5NDQsImV4cCI6MTY4MTY1MzM0NH0.O4stOjKc4w5Mw38mxlfQ_vHRf-uWA3CB6pESZb7-NF4"}
{"level":"info","message":"App running on 5000"}
{"level":"info","message":"App running on 5000"}
{"level":"info","message":"App running on 5000"}
{"level":"info","message":"eyJhbGciOiJIUzI1NiIsInR5cCI6IkpXVCJ9.eyJuYW1lIjoibW9kZWwiLCJpYXQiOjE2ODE1NjcwNjMsImV4cCI6MTY4MTY1MzQ2M30.f24aSmcMCz5Q-gbkqWfVW5sSglhZAPfSVob7zSRrqls"}
